<?xml version="1.0" encoding="UTF-8"?>
<testsuite xmlns:xsi="http://www.w3.org/2001/XMLSchema-instance" xsi:noNamespaceSchemaLocation="https://maven.apache.org/surefire/maven-surefire-plugin/xsd/surefire-test-report.xsd" name="com.query.QueryTest" time="0.077" tests="4" errors="0" skipped="0" failures="0">
  <properties>
[...]
</properties>
  <testcase name="testOrderBy" classname="com.query.QueryTest" time="0.028"/>
  <testcase name="testLimit" classname="com.query.QueryTest" time="0.002"/>
  <testcase name="testWhere" classname="com.query.QueryTest" time="0.003"/>
  <testcase name="testGroupBy" classname="com.query.QueryTest" time="0.044"/>
</testsuite>